2017-01-02 23:04:57 Error: [MissingDatasourceConfigException] The datasource configuration "default" was not found in database.php
Exception Attributes: array (
  'config' => 'default',
)
Request URL: /api/
Stack Trace:
#0 /Volumes/Mac Files/Development/Web/BusKeeper/api/lib/Cake/Model/ConnectionManager.php(93): ConnectionManager::_getConnectionObject('default')
#1 /Volumes/Mac Files/Development/Web/BusKeeper/api/lib/Cake/Model/Model.php(3221): ConnectionManager::getDataSource('default')
#2 /Volumes/Mac Files/Development/Web/BusKeeper/api/lib/Cake/Model/Model.php(1108): Model->setDataSource('default')
#3 /Volumes/Mac Files/Development/Web/BusKeeper/api/lib/Cake/Model/Model.php(3243): Model->setSource('viajes')
#4 /Volumes/Mac Files/Development/Web/BusKeeper/api/lib/Cake/Model/Model.php(1319): Model->getDataSource()
#5 /Volumes/Mac Files/Development/Web/BusKeeper/api/lib/Cake/Model/Model.php(1402): Model->schema()
#6 /Volumes/Mac Files/Development/Web/BusKeeper/api/lib/Cake/Model/Model.php(1390): Model->hasField('title', false)
#7 /Volumes/Mac Files/Development/Web/BusKeeper/api/lib/Cake/Model/Model.php(879): Model->hasField(Array)
#8 /Volumes/Mac Files/Development/Web/BusKeeper/api/lib/Cake/Model/Model.php(2838): Model->__get('displayField')
#9 /Volumes/Mac Files/Development/Web/BusKeeper/api/lib/Cake/Model/Model.php(2732): Model->_findList('before', Array)
#10 /Volumes/Mac Files/Development/Web/BusKeeper/api/lib/Cake/Model/Model.php(2691): Model->buildQuery('list', Array)
#11 /Volumes/Mac Files/Development/Web/BusKeeper/api/app/Controller/HomeController.php(9): Model->find('list')
#12 [internal function]: HomeController->index()
#13 /Volumes/Mac Files/Development/Web/BusKeeper/api/lib/Cake/Controller/Controller.php(486): ReflectionMethod->invokeArgs(Object(HomeController), Array)
#14 /Volumes/Mac Files/Development/Web/BusKeeper/api/lib/Cake/Routing/Dispatcher.php(187): Controller->invokeAction(Object(CakeRequest))
#15 /Volumes/Mac Files/Development/Web/BusKeeper/api/lib/Cake/Routing/Dispatcher.php(162): Dispatcher->_invoke(Object(HomeController), Object(CakeRequest), Object(CakeResponse))
#16 /Volumes/Mac Files/Development/Web/BusKeeper/api/app/webroot/index.php(109): Dispatcher->dispatch(Object(CakeRequest), Object(CakeResponse))
#17 {main}
2017-01-02 23:05:24 Error: [MissingConnectionException] Database connection "Mysql" is missing, or could not be created.
Exception Attributes: array (
  'class' => 'Mysql',
  'message' => 'SQLSTATE[HY000] [1045] Access denied for user \'buskeeper_us\'@\'localhost\' (using password: YES)',
  'enabled' => true,
)
Request URL: /api/
Stack Trace:
#0 /Volumes/Mac Files/Development/Web/BusKeeper/api/lib/Cake/Model/Datasource/DboSource.php(262): Mysql->connect()
#1 /Volumes/Mac Files/Development/Web/BusKeeper/api/lib/Cake/Model/ConnectionManager.php(107): DboSource->__construct(Array)
#2 /Volumes/Mac Files/Development/Web/BusKeeper/api/lib/Cake/Model/Model.php(3221): ConnectionManager::getDataSource('default')
#3 /Volumes/Mac Files/Development/Web/BusKeeper/api/lib/Cake/Model/Model.php(1108): Model->setDataSource('default')
#4 /Volumes/Mac Files/Development/Web/BusKeeper/api/lib/Cake/Model/Model.php(3243): Model->setSource('viajes')
#5 /Volumes/Mac Files/Development/Web/BusKeeper/api/lib/Cake/Model/Model.php(1319): Model->getDataSource()
#6 /Volumes/Mac Files/Development/Web/BusKeeper/api/lib/Cake/Model/Model.php(1402): Model->schema()
#7 /Volumes/Mac Files/Development/Web/BusKeeper/api/lib/Cake/Model/Model.php(1390): Model->hasField('title', false)
#8 /Volumes/Mac Files/Development/Web/BusKeeper/api/lib/Cake/Model/Model.php(879): Model->hasField(Array)
#9 /Volumes/Mac Files/Development/Web/BusKeeper/api/lib/Cake/Model/Model.php(2838): Model->__get('displayField')
#10 /Volumes/Mac Files/Development/Web/BusKeeper/api/lib/Cake/Model/Model.php(2732): Model->_findList('before', Array)
#11 /Volumes/Mac Files/Development/Web/BusKeeper/api/lib/Cake/Model/Model.php(2691): Model->buildQuery('list', Array)
#12 /Volumes/Mac Files/Development/Web/BusKeeper/api/app/Controller/HomeController.php(9): Model->find('list')
#13 [internal function]: HomeController->index()
#14 /Volumes/Mac Files/Development/Web/BusKeeper/api/lib/Cake/Controller/Controller.php(486): ReflectionMethod->invokeArgs(Object(HomeController), Array)
#15 /Volumes/Mac Files/Development/Web/BusKeeper/api/lib/Cake/Routing/Dispatcher.php(187): Controller->invokeAction(Object(CakeRequest))
#16 /Volumes/Mac Files/Development/Web/BusKeeper/api/lib/Cake/Routing/Dispatcher.php(162): Dispatcher->_invoke(Object(HomeController), Object(CakeRequest), Object(CakeResponse))
#17 /Volumes/Mac Files/Development/Web/BusKeeper/api/app/webroot/index.php(109): Dispatcher->dispatch(Object(CakeRequest), Object(CakeResponse))
#18 {main}
2017-01-02 23:13:56 Error: [MissingTableException] Table viajes for model Viaje was not found in datasource default.
Exception Attributes: array (
  'table' => 'viajes',
  'class' => 'Viaje',
  'ds' => 'default',
)
Request URL: /api/
Stack Trace:
#0 /Volumes/Mac Files/Development/Web/BusKeeper/api/lib/Cake/Model/Model.php(3243): Model->setSource('viajes')
#1 /Volumes/Mac Files/Development/Web/BusKeeper/api/lib/Cake/Model/Model.php(1319): Model->getDataSource()
#2 /Volumes/Mac Files/Development/Web/BusKeeper/api/lib/Cake/Model/Model.php(1402): Model->schema()
#3 /Volumes/Mac Files/Development/Web/BusKeeper/api/lib/Cake/Model/Model.php(1390): Model->hasField('title', false)
#4 /Volumes/Mac Files/Development/Web/BusKeeper/api/lib/Cake/Model/Model.php(879): Model->hasField(Array)
#5 /Volumes/Mac Files/Development/Web/BusKeeper/api/lib/Cake/Model/Model.php(2838): Model->__get('displayField')
#6 /Volumes/Mac Files/Development/Web/BusKeeper/api/lib/Cake/Model/Model.php(2732): Model->_findList('before', Array)
#7 /Volumes/Mac Files/Development/Web/BusKeeper/api/lib/Cake/Model/Model.php(2691): Model->buildQuery('list', Array)
#8 /Volumes/Mac Files/Development/Web/BusKeeper/api/app/Controller/HomeController.php(9): Model->find('list')
#9 [internal function]: HomeController->index()
#10 /Volumes/Mac Files/Development/Web/BusKeeper/api/lib/Cake/Controller/Controller.php(486): ReflectionMethod->invokeArgs(Object(HomeController), Array)
#11 /Volumes/Mac Files/Development/Web/BusKeeper/api/lib/Cake/Routing/Dispatcher.php(187): Controller->invokeAction(Object(CakeRequest))
#12 /Volumes/Mac Files/Development/Web/BusKeeper/api/lib/Cake/Routing/Dispatcher.php(162): Dispatcher->_invoke(Object(HomeController), Object(CakeRequest), Object(CakeResponse))
#13 /Volumes/Mac Files/Development/Web/BusKeeper/api/app/webroot/index.php(109): Dispatcher->dispatch(Object(CakeRequest), Object(CakeResponse))
#14 {main}
2017-01-03 01:22:06 Error: [MissingTableException] Table viajes for model Viaje was not found in datasource default.
Exception Attributes: array (
  'table' => 'viajes',
  'class' => 'Viaje',
  'ds' => 'default',
)
Request URL: /api/
Stack Trace:
#0 /Volumes/Mac Files/Development/Web/BusKeeper/api/lib/Cake/Model/Model.php(3243): Model->setSource('viajes')
#1 /Volumes/Mac Files/Development/Web/BusKeeper/api/lib/Cake/Model/Model.php(1319): Model->getDataSource()
#2 /Volumes/Mac Files/Development/Web/BusKeeper/api/lib/Cake/Model/Model.php(1402): Model->schema()
#3 /Volumes/Mac Files/Development/Web/BusKeeper/api/lib/Cake/Model/Model.php(1390): Model->hasField('title', false)
#4 /Volumes/Mac Files/Development/Web/BusKeeper/api/lib/Cake/Model/Model.php(879): Model->hasField(Array)
#5 /Volumes/Mac Files/Development/Web/BusKeeper/api/lib/Cake/Model/Model.php(2838): Model->__get('displayField')
#6 /Volumes/Mac Files/Development/Web/BusKeeper/api/lib/Cake/Model/Model.php(2732): Model->_findList('before', Array)
#7 /Volumes/Mac Files/Development/Web/BusKeeper/api/lib/Cake/Model/Model.php(2691): Model->buildQuery('list', Array)
#8 /Volumes/Mac Files/Development/Web/BusKeeper/api/app/Controller/HomeController.php(9): Model->find('list')
#9 [internal function]: HomeController->index()
#10 /Volumes/Mac Files/Development/Web/BusKeeper/api/lib/Cake/Controller/Controller.php(486): ReflectionMethod->invokeArgs(Object(HomeController), Array)
#11 /Volumes/Mac Files/Development/Web/BusKeeper/api/lib/Cake/Routing/Dispatcher.php(187): Controller->invokeAction(Object(CakeRequest))
#12 /Volumes/Mac Files/Development/Web/BusKeeper/api/lib/Cake/Routing/Dispatcher.php(162): Dispatcher->_invoke(Object(HomeController), Object(CakeRequest), Object(CakeResponse))
#13 /Volumes/Mac Files/Development/Web/BusKeeper/api/app/webroot/index.php(109): Dispatcher->dispatch(Object(CakeRequest), Object(CakeResponse))
#14 {main}
